Determining if the pthread_create exist failed with the following output:
Change Dir: /mnt/hgfs/proj/build/CMakeFiles/CMakeTmp

Run Build Command:"/usr/bin/make" "cmTC_a39c7/fast"
make: Warning: File 'Makefile' has modification time 0.32 s in the future
/usr/bin/make -f CMakeFiles/cmTC_a39c7.dir/build.make CMakeFiles/cmTC_a39c7.dir/build
make[1]: Entering directory '/mnt/hgfs/proj/build/CMakeFiles/CMakeTmp'
make[1]: Warning: File 'CMakeFiles/cmTC_a39c7.dir/flags.make' has modification time 0.3 s in the future
Building C object CMakeFiles/cmTC_a39c7.dir/CheckSymbolExists.c.o
/usr/bin/cc     -o CMakeFiles/cmTC_a39c7.dir/CheckSymbolExists.c.o   -c /mnt/hgfs/proj/build/CMakeFiles/CMakeTmp/CheckSymbolExists.c
Linking C executable cmTC_a39c7
/usr/bin/cmake -E cmake_link_script CMakeFiles/cmTC_a39c7.dir/link.txt --verbose=1
/usr/bin/cc       CMakeFiles/cmTC_a39c7.dir/CheckSymbolExists.c.o  -o cmTC_a39c7 -rdynamic 
CMakeFiles/cmTC_a39c7.dir/CheckSymbolExists.c.o: In function `main':
CheckSymbolExists.c:(.text+0x16): undefined reference to `pthread_create'
collect2: error: ld returned 1 exit status
CMakeFiles/cmTC_a39c7.dir/build.make:97: recipe for target 'cmTC_a39c7' failed
make[1]: *** [cmTC_a39c7] Error 1
make[1]: Leaving directory '/mnt/hgfs/proj/build/CMakeFiles/CMakeTmp'
Makefile:126: recipe for target 'cmTC_a39c7/fast' failed
make: *** [cmTC_a39c7/fast] Error 2

File /mnt/hgfs/proj/build/CMakeFiles/CMakeTmp/CheckSymbolExists.c:
/* */
#include <pthread.h>

int main(int argc, char** argv)
{
  (void)argv;
#ifndef pthread_create
  return ((int*)(&pthread_create))[argc];
#else
  (void)argc;
  return 0;
#endif
}

Determining if the function pthread_create exists in the pthreads failed with the following output:
Change Dir: /mnt/hgfs/proj/build/CMakeFiles/CMakeTmp

Run Build Command:"/usr/bin/make" "cmTC_7cd44/fast"
make: Warning: File 'Makefile' has modification time 0.091 s in the future
/usr/bin/make -f CMakeFiles/cmTC_7cd44.dir/build.make CMakeFiles/cmTC_7cd44.dir/build
make[1]: Entering directory '/mnt/hgfs/proj/build/CMakeFiles/CMakeTmp'
make[1]: Warning: File 'CMakeFiles/cmTC_7cd44.dir/flags.make' has modification time 0.085 s in the future
Building C object CMakeFiles/cmTC_7cd44.dir/CheckFunctionExists.c.o
/usr/bin/cc    -DCHECK_FUNCTION_EXISTS=pthread_create   -o CMakeFiles/cmTC_7cd44.dir/CheckFunctionExists.c.o   -c /usr/share/cmake-3.5/Modules/CheckFunctionExists.c
Linking C executable cmTC_7cd44
/usr/bin/cmake -E cmake_link_script CMakeFiles/cmTC_7cd44.dir/link.txt --verbose=1
/usr/bin/cc   -DCHECK_FUNCTION_EXISTS=pthread_create    CMakeFiles/cmTC_7cd44.dir/CheckFunctionExists.c.o  -o cmTC_7cd44 -rdynamic -lpthreads 
/usr/bin/ld: cannot find -lpthreads
collect2: error: ld returned 1 exit status
CMakeFiles/cmTC_7cd44.dir/build.make:97: recipe for target 'cmTC_7cd44' failed
make[1]: *** [cmTC_7cd44] Error 1
make[1]: Leaving directory '/mnt/hgfs/proj/build/CMakeFiles/CMakeTmp'
Makefile:126: recipe for target 'cmTC_7cd44/fast' failed
make: *** [cmTC_7cd44/fast] Error 2


